---------------------------------------------------------------
[ 2019-04-13T22:34:56+08:00 ] 127.0.0.1 GET crmeb.cc/index.php/wap/
[运行时间：2.096000s] [吞吐率：0.48req/s] [内存消耗：2,813.59kb] [文件加载：61]
[ info ] [ LANG ] E:\wamp\www\study\crmeb\thinkphp\lang\zh-cn.php
[ info ] [ ROUTE ] array (
  'type' => 'module',
  'module' => 
  array (
    0 => 'wap',
    1 => NULL,
    2 => NULL,
  ),
)
[ info ] [ HEADER ] array (
  'host' => 'crmeb.cc',
  'connection' => 'keep-alive',
  'upgrade-insecure-requests' => '1',
  'user-agent' => 'Mozilla/5.0 (Windows NT 6.1; Win64; x64) AppleWebKit/537.36 (KHTML, like Gecko) Chrome/73.0.3683.75 Safari/537.36',
  'accept' => 'text/html,application/xhtml+xml,application/xml;q=0.9,image/webp,image/apng,*/*;q=0.8,application/signed-exchange;v=b3',
  'referer' => 'http://crmeb.cc/public/install/index.php?step=5',
  'accept-encoding' => 'gzip, deflate',
  'accept-language' => 'zh-CN,zh;q=0.9',
  'cookie' => 'PHPSESSID=7ao3mfm51rdd3n5uk6dqg86lq1',
)
[ info ] [ PARAM ] array (
)
[ info ] [ BEHAVIOR ] Run behavior\wap\WapBehavior @wap_init [ RunTime:0.000000s ]
[ info ] [ SESSION ] INIT array (
  'prefix' => 'wap',
  'type' => '',
  'auto_start' => true,
)
[ info ] [ LOG ] INIT File
---------------------------------------------------------------
[ 2019-04-13T22:35:03+08:00 ] 127.0.0.1 GET crmeb.cc/index.php/wap/login/index/ref/aHR0cDovL2NybWViLmNjL2luZGV4LnBocC93YXAv.html
[运行时间：6.482000s] [吞吐率：0.15req/s] [内存消耗：5,526.87kb] [文件加载：154]
[ info ] [ LANG ] E:\wamp\www\study\crmeb\thinkphp\lang\zh-cn.php
[ info ] [ ROUTE ] array (
  'type' => 'module',
  'module' => 
  array (
    0 => 'wap',
    1 => 'login',
    2 => 'index',
  ),
)
[ info ] [ HEADER ] array (
  'host' => 'crmeb.cc',
  'connection' => 'keep-alive',
  'upgrade-insecure-requests' => '1',
  'user-agent' => 'Mozilla/5.0 (Windows NT 6.1; Win64; x64) AppleWebKit/537.36 (KHTML, like Gecko) Chrome/73.0.3683.75 Safari/537.36',
  'accept' => 'text/html,application/xhtml+xml,application/xml;q=0.9,image/webp,image/apng,*/*;q=0.8,application/signed-exchange;v=b3',
  'referer' => 'http://crmeb.cc/public/install/index.php?step=5',
  'accept-encoding' => 'gzip, deflate',
  'accept-language' => 'zh-CN,zh;q=0.9',
  'cookie' => 'PHPSESSID=7ao3mfm51rdd3n5uk6dqg86lq1; is_login=0',
)
[ info ] [ PARAM ] array (
  'ref' => 'aHR0cDovL2NybWViLmNjL2luZGV4LnBocC93YXAv',
)
[ info ] [ BEHAVIOR ] Run behavior\wap\WapBehavior @wap_init [ RunTime:0.000000s ]
[ info ] [ RUN ] app\wap\controller\Login->index[ E:\wamp\www\study\crmeb\application\wap\controller\Login.php ]
[ info ] [ VIEW ] E:\wamp\www\study\crmeb/application/wap/view/first/login\index.html [ array (
  0 => 'ref',
) ]
[ info ] [ CACHE ] INIT File
[ info ] [ DB ] INIT mysql
[ info ] [ LOG ] INIT File
---------------------------------------------------------------
[ 2019-04-13T22:51:48+08:00 ] 127.0.0.1 GET crmeb.cc/
[运行时间：0.307000s] [吞吐率：3.26req/s] [内存消耗：4,434.43kb] [文件加载：69]
[ info ] [ LANG ] E:\wamp\www\study\crmeb\thinkphp\lang\zh-cn.php
[ info ] [ ROUTE ] array (
  'type' => 'module',
  'module' => 
  array (
    0 => '',
    1 => NULL,
    2 => NULL,
  ),
)
[ info ] [ HEADER ] array (
  'host' => 'crmeb.cc',
  'connection' => 'keep-alive',
  'purpose' => 'prefetch',
  'upgrade-insecure-requests' => '1',
  'user-agent' => 'Mozilla/5.0 (Windows NT 6.1; Win64; x64) AppleWebKit/537.36 (KHTML, like Gecko) Chrome/73.0.3683.75 Safari/537.36',
  'accept' => 'text/html,application/xhtml+xml,application/xml;q=0.9,image/webp,image/apng,*/*;q=0.8,application/signed-exchange;v=b3',
  'accept-encoding' => 'gzip, deflate',
  'accept-language' => 'zh-CN,zh;q=0.9',
  'cookie' => 'PHPSESSID=7ao3mfm51rdd3n5uk6dqg86lq1; is_login=0; is_bg=1',
)
[ info ] [ PARAM ] array (
)
[ info ] [ SESSION ] INIT array (
  'prefix' => 'admin',
  'type' => '',
  'auto_start' => true,
)
[ info ] [ DB ] INIT mysql
[ info ] [ BEHAVIOR ] Run behavior\admin\SystemBehavior @admin_visit [ RunTime:0.000000s ]
[ info ] [ RUN ] app\admin\controller\Index->index[ E:\wamp\www\study\crmeb\application\admin\controller\Index.php ]
[ info ] [ VIEW ] E:\wamp\www\study\crmeb/application/admin\view\index\index.php [ array (
  0 => '_admin',
  1 => 'menuList',
  2 => 'site_logo',
  3 => 'role_name',
) ]
[ info ] [ LOG ] INIT File
---------------------------------------------------------------
[ 2019-04-13T22:51:50+08:00 ] 127.0.0.1 GET crmeb.cc/wap
[运行时间：0.077000s] [吞吐率：12.99req/s] [内存消耗：2,812.98kb] [文件加载：61]
[ info ] [ LANG ] E:\wamp\www\study\crmeb\thinkphp\lang\zh-cn.php
[ info ] [ ROUTE ] array (
  'type' => 'module',
  'module' => 
  array (
    0 => 'wap',
    1 => NULL,
    2 => NULL,
  ),
)
[ info ] [ HEADER ] array (
  'host' => 'crmeb.cc',
  'connection' => 'keep-alive',
  'upgrade-insecure-requests' => '1',
  'user-agent' => 'Mozilla/5.0 (Windows NT 6.1; Win64; x64) AppleWebKit/537.36 (KHTML, like Gecko) Chrome/73.0.3683.75 Safari/537.36',
  'accept' => 'text/html,application/xhtml+xml,application/xml;q=0.9,image/webp,image/apng,*/*;q=0.8,application/signed-exchange;v=b3',
  'accept-encoding' => 'gzip, deflate',
  'accept-language' => 'zh-CN,zh;q=0.9',
  'cookie' => 'PHPSESSID=7ao3mfm51rdd3n5uk6dqg86lq1; is_login=0; is_bg=1',
)
[ info ] [ PARAM ] array (
)
[ info ] [ BEHAVIOR ] Run behavior\wap\WapBehavior @wap_init [ RunTime:0.000000s ]
[ info ] [ SESSION ] INIT array (
  'prefix' => 'wap',
  'type' => '',
  'auto_start' => true,
)
[ info ] [ LOG ] INIT File
---------------------------------------------------------------
[ 2019-04-13T22:51:50+08:00 ] 127.0.0.1 GET crmeb.cc/wap/login/index/ref/aHR0cDovL2NybWViLmNjL3dhcA%3D%3D.html
[运行时间：0.381000s] [吞吐率：2.62req/s] [内存消耗：5,349.84kb] [文件加载：152]
[ info ] [ LANG ] E:\wamp\www\study\crmeb\thinkphp\lang\zh-cn.php
[ info ] [ ROUTE ] array (
  'type' => 'module',
  'module' => 
  array (
    0 => 'wap',
    1 => 'login',
    2 => 'index',
  ),
)
[ info ] [ HEADER ] array (
  'host' => 'crmeb.cc',
  'connection' => 'keep-alive',
  'upgrade-insecure-requests' => '1',
  'user-agent' => 'Mozilla/5.0 (Windows NT 6.1; Win64; x64) AppleWebKit/537.36 (KHTML, like Gecko) Chrome/73.0.3683.75 Safari/537.36',
  'accept' => 'text/html,application/xhtml+xml,application/xml;q=0.9,image/webp,image/apng,*/*;q=0.8,application/signed-exchange;v=b3',
  'accept-encoding' => 'gzip, deflate',
  'accept-language' => 'zh-CN,zh;q=0.9',
  'cookie' => 'PHPSESSID=7ao3mfm51rdd3n5uk6dqg86lq1; is_login=0; is_bg=1',
)
[ info ] [ PARAM ] array (
  'ref' => 'aHR0cDovL2NybWViLmNjL3dhcA==',
)
[ info ] [ BEHAVIOR ] Run behavior\wap\WapBehavior @wap_init [ RunTime:0.001000s ]
[ info ] [ RUN ] app\wap\controller\Login->index[ E:\wamp\www\study\crmeb\application\wap\controller\Login.php ]
[ info ] [ VIEW ] E:\wamp\www\study\crmeb/application/wap/view/first/login\index.html [ array (
  0 => 'ref',
) ]
[ info ] [ CACHE ] INIT File
[ info ] [ DB ] INIT mysql
[ info ] [ LOG ] INIT File
---------------------------------------------------------------
[ 2019-04-13T22:52:22+08:00 ] 127.0.0.1 POST crmeb.cc/wap/login/check.html
[运行时间：0.181000s] [吞吐率：5.52req/s] [内存消耗：3,702.82kb] [文件加载：64]
[ info ] [ LANG ] E:\wamp\www\study\crmeb\thinkphp\lang\zh-cn.php
[ info ] [ ROUTE ] array (
  'type' => 'module',
  'module' => 
  array (
    0 => 'wap',
    1 => 'login',
    2 => 'check',
  ),
)
[ info ] [ HEADER ] array (
  'host' => 'crmeb.cc',
  'connection' => 'keep-alive',
  'content-length' => '57',
  'pragma' => 'no-cache',
  'cache-control' => 'no-cache',
  'origin' => 'http://crmeb.cc',
  'upgrade-insecure-requests' => '1',
  'content-type' => 'application/x-www-form-urlencoded',
  'user-agent' => 'Mozilla/5.0 (iPhone; CPU iPhone OS 11_0 like Mac OS X) AppleWebKit/604.1.38 (KHTML, like Gecko) Version/11.0 Mobile/15A372 Safari/604.1',
  'accept' => 'text/html,application/xhtml+xml,application/xml;q=0.9,image/webp,image/apng,*/*;q=0.8,application/signed-exchange;v=b3',
  'referer' => 'http://crmeb.cc/wap/login/index/ref/aHR0cDovL2NybWViLmNjL3dhcA%3D%3D.html',
  'accept-encoding' => 'gzip, deflate',
  'accept-language' => 'zh-CN,zh;q=0.9',
  'cookie' => 'PHPSESSID=7ao3mfm51rdd3n5uk6dqg86lq1; is_login=0; is_bg=1',
)
[ info ] [ PARAM ] array (
  'account' => 'crmeb ',
  'pwd' => '123456',
  'ref' => 'http://crmeb.cc/wap',
)
[ info ] [ BEHAVIOR ] Run behavior\wap\WapBehavior @wap_init [ RunTime:0.000000s ]
[ info ] [ RUN ] app\wap\controller\Login->check[ E:\wamp\www\study\crmeb\application\wap\controller\Login.php ]
[ info ] [ DB ] INIT mysql
[ info ] [ VIEW ] E:\wamp\www\study\crmeb/application/wap/view/first/public\error.html [ array (
  0 => 'title',
  1 => 'msg',
  2 => 'url',
) ]
[ info ] [ LOG ] INIT File
---------------------------------------------------------------
[ 2019-04-13T22:52:27+08:00 ] 127.0.0.1 GET crmeb.cc/wap/login/index/ref/aHR0cDovL2NybWViLmNjL3dhcA%3D%3D.html
[运行时间：0.371000s] [吞吐率：2.70req/s] [内存消耗：5,350.75kb] [文件加载：152]
[ info ] [ LANG ] E:\wamp\www\study\crmeb\thinkphp\lang\zh-cn.php
[ info ] [ ROUTE ] array (
  'type' => 'module',
  'module' => 
  array (
    0 => 'wap',
    1 => 'login',
    2 => 'index',
  ),
)
[ info ] [ HEADER ] array (
  'host' => 'crmeb.cc',
  'connection' => 'keep-alive',
  'pragma' => 'no-cache',
  'cache-control' => 'no-cache',
  'upgrade-insecure-requests' => '1',
  'user-agent' => 'Mozilla/5.0 (iPhone; CPU iPhone OS 11_0 like Mac OS X) AppleWebKit/604.1.38 (KHTML, like Gecko) Version/11.0 Mobile/15A372 Safari/604.1',
  'accept' => 'text/html,application/xhtml+xml,application/xml;q=0.9,image/webp,image/apng,*/*;q=0.8,application/signed-exchange;v=b3',
  'referer' => 'http://crmeb.cc/wap/login/check.html',
  'accept-encoding' => 'gzip, deflate',
  'accept-language' => 'zh-CN,zh;q=0.9',
  'cookie' => 'PHPSESSID=7ao3mfm51rdd3n5uk6dqg86lq1; is_login=0; is_bg=1',
)
[ info ] [ PARAM ] array (
  'ref' => 'aHR0cDovL2NybWViLmNjL3dhcA==',
)
[ info ] [ BEHAVIOR ] Run behavior\wap\WapBehavior @wap_init [ RunTime:0.000000s ]
[ info ] [ RUN ] app\wap\controller\Login->index[ E:\wamp\www\study\crmeb\application\wap\controller\Login.php ]
[ info ] [ VIEW ] E:\wamp\www\study\crmeb/application/wap/view/first/login\index.html [ array (
  0 => 'ref',
) ]
[ info ] [ CACHE ] INIT File
[ info ] [ DB ] INIT mysql
[ info ] [ LOG ] INIT File
